<?xml version="1.0" encoding="UTF-8"?>
<testng-results ignored="0" total="1" passed="1" failed="0" skipped="0">
  <reporter-output>
  </reporter-output>
  <suite started-at="2022-01-10T06:30:17 IST" name="Default suite" finished-at="2022-01-10T06:30:44 IST" duration-ms="27599">
    <groups>
    </groups>
    <test started-at="2022-01-10T06:30:17 IST" name="Default test" finished-at="2022-01-10T06:30:44 IST" duration-ms="27599">
      <class name="com.date.DateTimePicker">
        <test-method signature="dateTimePicker()[pri:0, instance:com.date.DateTimePicker@15ca7889]" started-at="2022-01-10T06:30:17 IST" name="dateTimePicker" finished-at="2022-01-10T06:30:44 IST" duration-ms="27464" status="PASS">
          <reporter-output>
          </reporter-output>
        </test-method> <!-- dateTimePicker -->
      </class> <!-- com.date.DateTimePicker -->
    </test> <!-- Default test -->
  </suite> <!-- Default suite -->
</testng-results>
