<?xml version="1.0" encoding="UTF-8"?>
<testng-results ignored="0" total="2" passed="2" failed="0" skipped="0">
  <reporter-output>
  </reporter-output>
  <suite started-at="2022-01-03T06:39:45 IST" name="Suite" finished-at="2022-01-03T06:40:11 IST" duration-ms="25935">
    <groups>
    </groups>
    <test started-at="2022-01-03T06:39:45 IST" name="Test" finished-at="2022-01-03T06:40:11 IST" duration-ms="25935">
      <class name="com.draganddropdemo.DragAndDrop">
        <test-method signature="DragnDrop()[pri:0, instance:com.draganddropdemo.DragAndDrop@548e6d58]" started-at="2022-01-03T06:39:45 IST" name="DragnDrop" finished-at="2022-01-03T06:40:11 IST" duration-ms="25796" status="PASS">
          <reporter-output>
          </reporter-output>
        </test-method> <!-- DragnDrop -->
      </class> <!-- com.draganddropdemo.DragAndDrop -->
    </test> <!-- Test -->
  </suite> <!-- Suite -->
  <suite started-at="2022-01-03T06:40:11 IST" name="Suite (0)" finished-at="2022-01-03T06:40:37 IST" duration-ms="25155">
    <groups>
    </groups>
    <test started-at="2022-01-03T06:40:11 IST" name="Test" finished-at="2022-01-03T06:40:37 IST" duration-ms="25155">
      <class name="com.draganddrop.DragAndDropTest">
        <test-method signature="DragnDropTest()[pri:0, instance:com.draganddrop.DragAndDropTest@343570b7]" started-at="2022-01-03T06:40:11 IST" name="DragnDropTest" finished-at="2022-01-03T06:40:37 IST" duration-ms="25140" status="PASS">
          <reporter-output>
          </reporter-output>
        </test-method> <!-- DragnDropTest -->
      </class> <!-- com.draganddrop.DragAndDropTest -->
    </test> <!-- Test -->
  </suite> <!-- Suite (0) -->
  <suite started-at="2022-01-03T06:40:42 IST" name="Complete Suite" finished-at="2022-01-03T06:40:42 IST" duration-ms="0">
    <groups>
    </groups>
  </suite> <!-- Complete Suite -->
</testng-results>
