<?xml version="1.0" encoding="UTF-8"?>
<testng-results ignored="0" total="1" passed="1" failed="0" skipped="0">
  <reporter-output>
  </reporter-output>
  <suite started-at="2022-01-03T08:08:12 IST" name="Default suite" finished-at="2022-01-03T08:08:14 IST" duration-ms="2090">
    <groups>
    </groups>
    <test started-at="2022-01-03T08:08:12 IST" name="Default test" finished-at="2022-01-03T08:08:14 IST" duration-ms="2090">
      <class name="com.readablereports.ReadableReportsDemo">
        <test-method signature="loginTest()[pri:0, instance:com.readablereports.ReadableReportsDemo@610f7aa]" started-at="2022-01-03T08:08:12 IST" name="loginTest" finished-at="2022-01-03T08:08:14 IST" duration-ms="1963" status="PASS">
          <reporter-output>
          </reporter-output>
        </test-method> <!-- loginTest -->
      </class> <!-- com.readablereports.ReadableReportsDemo -->
    </test> <!-- Default test -->
  </suite> <!-- Default suite -->
</testng-results>
