<?xml version="1.0" encoding="UTF-8"?>
<testng-results ignored="0" total="1" passed="1" failed="0" skipped="0">
  <reporter-output>
  </reporter-output>
  <suite started-at="2021-12-31T06:10:43 IST" name="Default suite" finished-at="2021-12-31T06:10:43 IST" duration-ms="164">
    <groups>
    </groups>
    <test started-at="2021-12-31T06:10:43 IST" name="Default test" finished-at="2021-12-31T06:10:43 IST" duration-ms="164">
      <class name="ObjectRepositoryConfigurationDemo.TestSeleniumBlog">
        <test-method signature="testConfig()[pri:0, instance:ObjectRepositoryConfigurationDemo.TestSeleniumBlog@2beee7ff]" started-at="2021-12-31T06:10:43 IST" name="testConfig" finished-at="2021-12-31T06:10:43 IST" duration-ms="28" status="PASS">
          <reporter-output>
          </reporter-output>
        </test-method> <!-- testConfig -->
      </class> <!-- ObjectRepositoryConfigurationDemo.TestSeleniumBlog -->
    </test> <!-- Default test -->
  </suite> <!-- Default suite -->
</testng-results>
